<?xml version="1.0" encoding="UTF-8"?>
<testng-results ignored="0" total="1" passed="1" failed="0" skipped="0">
  <reporter-output>
  </reporter-output>
  <suite started-at="2023-09-22T16:44:42 EDT" name="Default suite" finished-at="2023-09-22T16:44:59 EDT" duration-ms="16951">
    <groups>
    </groups>
    <test started-at="2023-09-22T16:44:42 EDT" name="Default test" finished-at="2023-09-22T16:44:59 EDT" duration-ms="16951">
      <class name="demo.WaitsDemo">
        <test-method is-config="true" signature="setup()[pri:0, instance:demo.WaitsDemo@6572421]" started-at="2023-09-22T16:44:42 EDT" name="setup" finished-at="2023-09-22T16:44:49 EDT" duration-ms="6525" status="PASS">
          <reporter-output>
          </reporter-output>
        </test-method> <!-- setup -->
        <test-method signature="fluentWaitDemo()[pri:0, instance:demo.WaitsDemo@6572421]" started-at="2023-09-22T16:44:49 EDT" name="fluentWaitDemo" finished-at="2023-09-22T16:44:59 EDT" duration-ms="9836" status="PASS">
          <reporter-output>
          </reporter-output>
        </test-method> <!-- fluentWaitDemo -->
        <test-method is-config="true" signature="tearDown()[pri:0, instance:demo.WaitsDemo@6572421]" started-at="2023-09-22T16:44:59 EDT" name="tearDown" finished-at="2023-09-22T16:44:59 EDT" duration-ms="500" status="PASS">
          <reporter-output>
          </reporter-output>
        </test-method> <!-- tearDown -->
      </class> <!-- demo.WaitsDemo -->
    </test> <!-- Default test -->
  </suite> <!-- Default suite -->
</testng-results>
